[debug] [2020-07-12T20:42:04.544Z] ----------------------------------------------------------------------
[debug] [2020-07-12T20:42:04.546Z] Command:       /home/leighd2008/.nvm/versions/node/v12.6.0/bin/node /home/leighd2008/.nvm/versions/node/v12.6.0/bin/firebase deploy
[debug] [2020-07-12T20:42:04.547Z] CLI Version:   8.1.1
[debug] [2020-07-12T20:42:04.547Z] Platform:      linux
[debug] [2020-07-12T20:42:04.547Z] Node Version:  v12.6.0
[debug] [2020-07-12T20:42:04.547Z] Time:          Sun Jul 12 2020 16:42:04 GMT-0400 (Eastern Daylight Time)
[debug] [2020-07-12T20:42:04.547Z] ----------------------------------------------------------------------
[debug] [2020-07-12T20:42:04.547Z] 
[debug] [2020-07-12T20:42:04.583Z] > command requires scopes: ["email","openid","https://www.googleapis.com/auth/cloudplatformprojects.readonly","https://www.googleapis.com/auth/firebase","https://www.googleapis.com/auth/cloud-platform"]
[debug] [2020-07-12T20:42:04.583Z] > authorizing via signed-in user
[debug] [2020-07-12T20:42:04.583Z] [iam] checking project fire-fastpitch for permissions ["firebase.projects.get","firebasehosting.sites.update"]
[debug] [2020-07-12T20:42:04.585Z] > refreshing access token with scopes: ["email","https://www.googleapis.com/auth/cloud-platform","https://www.googleapis.com/auth/cloudplatformprojects.readonly","https://www.googleapis.com/auth/firebase","openid"]
[debug] [2020-07-12T20:42:04.585Z] >>> HTTP REQUEST POST https://www.googleapis.com/oauth2/v3/token  
 <request body omitted>
[debug] [2020-07-12T20:42:04.789Z] <<< HTTP RESPONSE 200 {"content-type":"application/json; charset=utf-8","vary":"X-Origin, Referer, Origin,Accept-Encoding","date":"Sun, 12 Jul 2020 20:42:04 GMT","server":"scaffolding on HTTPServer2","cache-control":"private","x-xss-protection":"0","x-frame-options":"SAMEORIGIN","x-content-type-options":"nosniff","alt-svc":"h3-29=\":443\"; ma=2592000,h3-27=\":443\"; ma=2592000,h3-25=\":443\"; ma=2592000,h3-T050=\":443\"; ma=2592000,h3-Q050=\":443\"; ma=2592000,h3-Q046=\":443\"; ma=2592000,h3-Q043=\":443\"; ma=2592000,quic=\":443\"; ma=2592000; v=\"46,43\"","accept-ranges":"none","transfer-encoding":"chunked"}
[debug] [2020-07-12T20:42:04.833Z] >>> HTTP REQUEST POST https://cloudresourcemanager.googleapis.com/v1/projects/fire-fastpitch:testIamPermissions  
 {"permissions":["firebase.projects.get","firebasehosting.sites.update"]}
[debug] [2020-07-12T20:42:05.064Z] <<< HTTP RESPONSE 200 {"content-type":"application/json; charset=UTF-8","vary":"X-Origin, Referer, Origin,Accept-Encoding","date":"Sun, 12 Jul 2020 20:42:05 GMT","server":"ESF","cache-control":"private","x-xss-protection":"0","x-frame-options":"SAMEORIGIN","x-content-type-options":"nosniff","server-timing":"gfet4t7; dur=65","alt-svc":"h3-29=\":443\"; ma=2592000,h3-27=\":443\"; ma=2592000,h3-25=\":443\"; ma=2592000,h3-T050=\":443\"; ma=2592000,h3-Q050=\":443\"; ma=2592000,h3-Q046=\":443\"; ma=2592000,h3-Q043=\":443\"; ma=2592000,quic=\":443\"; ma=2592000; v=\"46,43\"","accept-ranges":"none","transfer-encoding":"chunked"}
[debug] [2020-07-12T20:42:05.065Z] >>> HTTP REQUEST GET https://firebase.googleapis.com/v1beta1/projects/fire-fastpitch  
 
[debug] [2020-07-12T20:42:05.505Z] <<< HTTP RESPONSE 200 {"content-type":"application/json; charset=UTF-8","vary":"X-Origin, Referer, Origin,Accept-Encoding","date":"Sun, 12 Jul 2020 20:42:05 GMT","server":"ESF","cache-control":"private","x-xss-protection":"0","x-frame-options":"SAMEORIGIN","x-content-type-options":"nosniff","alt-svc":"h3-29=\":443\"; ma=2592000,h3-27=\":443\"; ma=2592000,h3-25=\":443\"; ma=2592000,h3-T050=\":443\"; ma=2592000,h3-Q050=\":443\"; ma=2592000,h3-Q046=\":443\"; ma=2592000,h3-Q043=\":443\"; ma=2592000,quic=\":443\"; ma=2592000; v=\"46,43\"","accept-ranges":"none","transfer-encoding":"chunked"}
